0 info it worked if it ends with ok
1 verbose cli [ '/usr/local/bin/node',
1 verbose cli   '/usr/local/bin/npm',
1 verbose cli   'run',
1 verbose cli   'build:umd:min' ]
2 info using npm@3.10.3
3 info using node@v6.3.1
4 verbose run-script [ 'prebuild:umd:min', 'build:umd:min', 'postbuild:umd:min' ]
5 info lifecycle svgine@1.0.0~prebuild:umd:min: svgine@1.0.0
6 silly lifecycle svgine@1.0.0~prebuild:umd:min: no script for prebuild:umd:min, continuing
7 info lifecycle svgine@1.0.0~build:umd:min: svgine@1.0.0
8 verbose lifecycle svgine@1.0.0~build:umd:min: unsafe-perm in lifecycle true
9 verbose lifecycle svgine@1.0.0~build:umd:min: PATH: /usr/local/lib/node_modules/npm/bin/node-gyp-bin:/Users/wolfgang.schuster/Documents/Lunch/javascript/svgine/node_modules/.bin:/usr/local/bin:/Users/wolfgang.schuster/Documents/Lunch/javascript/svgine/node_modules/.bin:/Users/wolfgang.schuster/.config/yarn/link/node_modules/.bin:/Users/wolfgang.schuster/Documents/Lunch/javascript/svgine/node_modules/.bin:/Users/wolfgang.schuster/.config/yarn/link/node_modules/.bin:/usr/local/Cellar/yarn/0.21.3/libexec/lib/node_modules/yarn/bin/node-gyp-bin:/usr/local/bin:/Library/Frameworks/Python.framework/Versions/3.6/bin:/Users/wolfgang.schuster/google-cloud-sdk/bin:/usr/bin:/bin:/usr/sbin:/sbin:/usr/local/bin:/opt/X11/bin:/usr/local/git/bin:/usr/local/munki:/Library/Application Support/pinpoint/bin
10 verbose lifecycle svgine@1.0.0~build:umd:min: CWD: /Users/wolfgang.schuster/Documents/Lunch/javascript/svgine
11 silly lifecycle svgine@1.0.0~build:umd:min: Args: [ '-c',
11 silly lifecycle   'cross-env BABEL_ENV=commonjs NODE_ENV=production webpack src/index.js dist/svgine.min.js' ]
12 silly lifecycle svgine@1.0.0~build:umd:min: Returned: code: 2  signal: null
13 info lifecycle svgine@1.0.0~build:umd:min: Failed to exec build:umd:min script
14 verbose stack Error: svgine@1.0.0 build:umd:min: `cross-env BABEL_ENV=commonjs NODE_ENV=production webpack src/index.js dist/svgine.min.js`
14 verbose stack Exit status 2
14 verbose stack     at EventEmitter.<anonymous> (/usr/local/lib/node_modules/npm/lib/utils/lifecycle.js:242:16)
14 verbose stack     at emitTwo (events.js:106:13)
14 verbose stack     at EventEmitter.emit (events.js:191:7)
14 verbose stack     at ChildProcess.<anonymous> (/usr/local/lib/node_modules/npm/lib/utils/spawn.js:40:14)
14 verbose stack     at emitTwo (events.js:106:13)
14 verbose stack     at ChildProcess.emit (events.js:191:7)
14 verbose stack     at maybeClose (internal/child_process.js:852:16)
14 verbose stack     at Process.ChildProcess._handle.onexit (internal/child_process.js:215:5)
15 verbose pkgid svgine@1.0.0
16 verbose cwd /Users/wolfgang.schuster/Documents/Lunch/javascript/svgine
17 error Darwin 15.4.0
18 error argv "/usr/local/bin/node" "/usr/local/bin/npm" "run" "build:umd:min"
19 error node v6.3.1
20 error npm  v3.10.3
21 error code ELIFECYCLE
22 error svgine@1.0.0 build:umd:min: `cross-env BABEL_ENV=commonjs NODE_ENV=production webpack src/index.js dist/svgine.min.js`
22 error Exit status 2
23 error Failed at the svgine@1.0.0 build:umd:min script 'cross-env BABEL_ENV=commonjs NODE_ENV=production webpack src/index.js dist/svgine.min.js'.
23 error Make sure you have the latest version of node.js and npm installed.
23 error If you do, this is most likely a problem with the svgine package,
23 error not with npm itself.
23 error Tell the author that this fails on your system:
23 error     cross-env BABEL_ENV=commonjs NODE_ENV=production webpack src/index.js dist/svgine.min.js
23 error You can get information on how to open an issue for this project with:
23 error     npm bugs svgine
23 error Or if that isn't available, you can get their info via:
23 error     npm owner ls svgine
23 error There is likely additional logging output above.
24 verbose exit [ 1, true ]
